Using pre-set license
Built from '2021.3/staging' branch; Version is '2021.3.45f1 (0da89fac8e79) revision 895135'; Using compiler version '192829333'; Build Type 'Release'
OS: 'Windows 11  (10.0.26100) 64bit Professional' Language: 'en' Physical Memory: 31831 MB
BatchMode: 1, IsHumanControllingUs: 0, StartBugReporterOnCrash: 0, Is64bit: 1, IsPro: 1

COMMAND LINE ARGUMENTS:
C:\Program Files\Unity\Hub\Editor\2021.3.45f1\Editor\Unity.exe
-adb2
-batchMode
-noUpm
-name
AssetImportWorker5
-projectPath
C:/Users/gabri/OneDrive/Desktop/stoof/Export/ULTRAKILL MAYBE
-logFile
Logs/AssetImportWorker5.log
-srvPort
50570
Successfully changed project path to: C:/Users/gabri/OneDrive/Desktop/stoof/Export/ULTRAKILL MAYBE
C:/Users/gabri/OneDrive/Desktop/stoof/Export/ULTRAKILL MAYBE
[UnityMemory] Configuration Parameters - Can be set up in boot.config
    "memorysetup-bucket-allocator-granularity=16"
    "memorysetup-bucket-allocator-bucket-count=8"
    "memorysetup-bucket-allocator-block-size=33554432"
    "memorysetup-bucket-allocator-block-count=8"
    "memorysetup-main-allocator-block-size=16777216"
    "memorysetup-thread-allocator-block-size=16777216"
    "memorysetup-gfx-main-allocator-block-size=16777216"
    "memorysetup-gfx-thread-allocator-block-size=16777216"
    "memorysetup-cache-allocator-block-size=4194304"
    "memorysetup-typetree-allocator-block-size=2097152"
    "memorysetup-profiler-bucket-allocator-granularity=16"
    "memorysetup-profiler-bucket-allocator-bucket-count=8"
    "memorysetup-profiler-bucket-allocator-block-size=33554432"
    "memorysetup-profiler-bucket-allocator-block-count=8"
    "memorysetup-profiler-allocator-block-size=16777216"
    "memorysetup-profiler-editor-allocator-block-size=1048576"
    "memorysetup-temp-allocator-size-main=16777216"
    "memorysetup-job-temp-allocator-block-size=2097152"
    "memorysetup-job-temp-allocator-block-size-background=1048576"
    "memorysetup-job-temp-allocator-reduction-small-platforms=262144"
    "memorysetup-temp-allocator-size-background-worker=32768"
    "memorysetup-temp-allocator-size-job-worker=262144"
    "memorysetup-temp-allocator-size-preload-manager=33554432"
    "memorysetup-temp-allocator-size-nav-mesh-worker=65536"
    "memorysetup-temp-allocator-size-audio-worker=65536"
    "memorysetup-temp-allocator-size-cloud-worker=32768"
    "memorysetup-temp-allocator-size-gi-baking-worker=262144"
    "memorysetup-temp-allocator-size-gfx=262144"
Player connection [16852] Host "[IP] 192.168.56.1 [Port] 0 [Flags] 2 [Guid] 3426553904 [EditorId] 3426553904 [Version] 1048832 [Id] WindowsEditor(7,Fast-Cake-Machine) [Debug] 1 [PackageName] WindowsEditor [ProjectName] Editor" joined multi-casting on [225.0.0.222:54997]...

Player connection [16852] Host "[IP] 192.168.56.1 [Port] 0 [Flags] 2 [Guid] 3426553904 [EditorId] 3426553904 [Version] 1048832 [Id] WindowsEditor(7,Fast-Cake-Machine) [Debug] 1 [PackageName] WindowsEditor [ProjectName] Editor" joined alternative multi-casting on [225.0.0.222:34997]...

[Physics::Module] Initialized MultithreadedJobDispatcher with {0} workers.
Refreshing native plugins compatible for Editor in 35.54 ms, found 0 plugins.
Preloading 0 native plugins for Editor in 0.00 ms.
Initialize engine version: 2021.3.45f1 (0da89fac8e79)
[Subsystems] Discovering subsystems at path C:/Program Files/Unity/Hub/Editor/2021.3.45f1/Editor/Data/Resources/UnitySubsystems
[Subsystems] Discovering subsystems at path C:/Users/gabri/OneDrive/Desktop/stoof/Export/ULTRAKILL MAYBE/Assets
GfxDevice: creating device client; threaded=0; jobified=0
Direct3D:
    Version:  Direct3D 11.0 [level 11.1]
    Renderer: AMD Radeon RX 6600 XT (ID=0x73ff)
    Vendor:   ATI
    VRAM:     8146 MB
    Driver:   32.0.21013.1000
Initialize mono
Mono path[0] = 'C:/Program Files/Unity/Hub/Editor/2021.3.45f1/Editor/Data/Managed'
Mono path[1] = 'C:/Program Files/Unity/Hub/Editor/2021.3.45f1/Editor/Data/MonoBleedingEdge/lib/mono/unityjit-win32'
Mono config path = 'C:/Program Files/Unity/Hub/Editor/2021.3.45f1/Editor/Data/MonoBleedingEdge/etc'
Using monoOptions --debugger-agent=transport=dt_socket,embedding=1,server=y,suspend=n,address=127.0.0.1:56328
Begin MonoManager ReloadAssembly
Registering precompiled unity dll's ...
Register platform support module: C:/Program Files/Unity/Hub/Editor/2021.3.45f1/Editor/Data/PlaybackEngines/WebGLSupport/UnityEditor.WebGL.Extensions.dll
Register platform support module: C:/Program Files/Unity/Hub/Editor/2021.3.45f1/Editor/Data/PlaybackEngines/WindowsStandaloneSupport/UnityEditor.WindowsStandalone.Extensions.dll
Registered in 0.003401 seconds.
Native extension for WindowsStandalone target not found
Native extension for WebGL target not found
Refreshing native plugins compatible for Editor in 24.97 ms, found 0 plugins.
Preloading 0 native plugins for Editor in 0.00 ms.
Mono: successfully reloaded assembly
- Completed reload, in  0.325 seconds
Domain Reload Profiling:
	ReloadAssembly (325ms)
		BeginReloadAssembly (51ms)
			ExecutionOrderSort (0ms)
			DisableScriptedObjects (0ms)
			BackupInstance (0ms)
			ReleaseScriptingObjects (0ms)
			CreateAndSetChildDomain (0ms)
		EndReloadAssembly (222ms)
			LoadAssemblies (50ms)
			RebuildTransferFunctionScriptingTraits (0ms)
			SetupTypeCache (55ms)
			ReleaseScriptCaches (0ms)
			RebuildScriptCaches (14ms)
			SetupLoadedEditorAssemblies (132ms)
				LogAssemblyErrors (0ms)
				InitializePlatformSupportModulesInManaged (5ms)
				SetLoadedEditorAssemblies (0ms)
				RefreshPlugins (25ms)
				BeforeProcessingInitializeOnLoad (1ms)
				ProcessInitializeOnLoadAttributes (78ms)
				ProcessInitializeOnLoadMethodAttributes (23ms)
				AfterProcessingInitializeOnLoad (0ms)
				EditorAssembliesLoaded (0ms)
			ExecutionOrderSort2 (0ms)
			AwakeInstancesAfterBackupRestoration (0ms)
Platform modules already initialized, skipping
Registering precompiled user dll's ...
Registered in 0.002716 seconds.
Begin MonoManager ReloadAssembly
Native extension for WindowsStandalone target not found
Native extension for WebGL target not found
Refreshing native plugins compatible for Editor in 0.56 ms, found 0 plugins.
Preloading 0 native plugins for Editor in 0.00 ms.
Mono: successfully reloaded assembly
- Completed reload, in  0.363 seconds
Domain Reload Profiling:
	ReloadAssembly (363ms)
		BeginReloadAssembly (72ms)
			ExecutionOrderSort (0ms)
			DisableScriptedObjects (3ms)
			BackupInstance (0ms)
			ReleaseScriptingObjects (0ms)
			CreateAndSetChildDomain (14ms)
		EndReloadAssembly (242ms)
			LoadAssemblies (44ms)
			RebuildTransferFunctionScriptingTraits (0ms)
			SetupTypeCache (71ms)
			ReleaseScriptCaches (0ms)
			RebuildScriptCaches (21ms)
			SetupLoadedEditorAssemblies (101ms)
				LogAssemblyErrors (0ms)
				InitializePlatformSupportModulesInManaged (4ms)
				SetLoadedEditorAssemblies (0ms)
				RefreshPlugins (1ms)
				BeforeProcessingInitializeOnLoad (20ms)
				ProcessInitializeOnLoadAttributes (62ms)
				ProcessInitializeOnLoadMethodAttributes (10ms)
				AfterProcessingInitializeOnLoad (4ms)
				EditorAssembliesLoaded (0ms)
			ExecutionOrderSort2 (0ms)
			AwakeInstancesAfterBackupRestoration (4ms)
Platform modules already initialized, skipping
========================================================================
Worker process is ready to serve import requests
Launched and connected shader compiler UnityShaderCompiler.exe after 0.04 seconds
Refreshing native plugins compatible for Editor in 0.55 ms, found 0 plugins.
Preloading 0 native plugins for Editor in 0.00 ms.
Unloading 959 Unused Serialized files (Serialized files now loaded: 0)
Unloading 17 unused Assets / (20.5 KB). Loaded Objects now: 1492.
Memory consumption went from 152.2 MB to 152.2 MB.
Total: 1.475100 ms (FindLiveObjects: 0.084900 ms CreateObjectMapping: 0.021500 ms MarkObjects: 1.352900 ms  DeleteObjects: 0.015200 ms)

AssetImportParameters requested are different than current active one (requested -> active):
  custom:video-decoder-ogg-theora: a1e56fd34408186e4bbccfd4996cb3dc -> 
  custom:container-muxer-webm: aa71ff27fc2769a1b78a27578f13a17b -> 
  custom:container-demuxer-webm: 4f35f7cbe854078d1ac9338744f61a02 -> 
  custom:video-encoder-webm-vp8: eb34c28f22e8b96e1ab97ce403110664 -> 
  custom:CustomObjectIndexerAttribute: bc11b3a6c3213fcdd17b65e7da85e133 -> 
  custom:audio-encoder-webm-vorbis: bf7c407c2cedff20999df2af8eb42d56 -> 
  custom:framework-win-MediaFoundation: 216162199b28c13a410421893ffa2e32 -> 
  custom:SearchIndexIgnoredProperties: e643bd26f0fe6173181afceb89e7c659 -> 
  custom:container-demuxer-ogg: 62fdf1f143b41e24485cea50d1cbac27 -> 
  custom:video-decoder-webm-vp8: 9c59270c3fd7afecdb556c50c9e8de78 -> 
  custom:audio-decoder-ogg-vorbis: bf7c407c2cedff20999df2af8eb42d56 -> 
========================================================================
Received Import Request.
  Time since last request: 6347.187096 seconds.
  path: Assets/Texture2D/tilescrossV.png
  artifactKey: Guid(3871e2fe0800fc34e96e85746616e869) Importer(815301076,1909f56bfc062723c751e8b465ee728b)
Number of updated assets reloaded before import = 0
Start importing Assets/Texture2D/tilescrossV.png using Guid(3871e2fe0800fc34e96e85746616e869) Importer(815301076,1909f56bfc062723c751e8b465ee728b)  -> (artifact id: '9320bc55f8a99b66952e975b1d427c4c') in 0.069212 seconds 
Number of asset objects unloaded after import = 2
========================================================================
Received Import Request.
  Time since last request: 49.878098 seconds.
  path: Assets/Material/SoftParticle.mat
  artifactKey: Guid(4aa718e28bbc8c14fa11171b57dc84cf) Importer(815301076,1909f56bfc062723c751e8b465ee728b)
Number of updated assets reloaded before import = 0
Start importing Assets/Material/SoftParticle.mat using Guid(4aa718e28bbc8c14fa11171b57dc84cf) Importer(815301076,1909f56bfc062723c751e8b465ee728b)  -> (artifact id: 'a083634942918fdaa2429749b31ac6db') in 0.053405 seconds 
Number of asset objects unloaded after import = 2
========================================================================
Received Import Request.
  Time since last request: 8.510863 seconds.
  path: Assets/GameObject/FirstRoom.prefab
  artifactKey: Guid(c038c256dcb48fc4bb1fc72824cceead) Importer(815301076,1909f56bfc062723c751e8b465ee728b)
Number of updated assets reloaded before import = 0
Start importing Assets/GameObject/FirstRoom.prefab using Guid(c038c256dcb48fc4bb1fc72824cceead) Importer(815301076,1909f56bfc062723c751e8b465ee728b)  -> (artifact id: '47490580c0043db9b1e114d6cad7b263') in 1.321049 seconds 
Number of asset objects unloaded after import = 12777
========================================================================
Received Import Request.
  Time since last request: 94.529216 seconds.
  path: Assets/Avatar/Arm2Avatar.asset
  artifactKey: Guid(092ba1cf7fe34d64281f0744c6ee6b9c) Importer(815301076,1909f56bfc062723c751e8b465ee728b)
Number of updated assets reloaded before import = 0
Start importing Assets/Avatar/Arm2Avatar.asset using Guid(092ba1cf7fe34d64281f0744c6ee6b9c) Importer(815301076,1909f56bfc062723c751e8b465ee728b)  -> (artifact id: '059c4350950ae81cad8971d6b0be2d81') in 0.008893 seconds 
Number of asset objects unloaded after import = 2
========================================================================
Received Import Request.
  Time since last request: 0.000013 seconds.
  path: Assets/Avatar/Cylinder_8Avatar.asset
  artifactKey: Guid(38cd88e4045ef6446ba24b4c5f4194df) Importer(815301076,1909f56bfc062723c751e8b465ee728b)
Number of updated assets reloaded before import = 0
Start importing Assets/Avatar/Cylinder_8Avatar.asset using Guid(38cd88e4045ef6446ba24b4c5f4194df) Importer(815301076,1909f56bfc062723c751e8b465ee728b)  -> (artifact id: '68a7a6553439bf965167396cb5fad0a5') in 0.007489 seconds 
Number of asset objects unloaded after import = 1
========================================================================
Received Import Request.
  Time since last request: 0.000012 seconds.
  path: Assets/Avatar/StatueAvatar.asset
  artifactKey: Guid(c528ad1a6630a6646be95fddc3557a36) Importer(815301076,1909f56bfc062723c751e8b465ee728b)
Number of updated assets reloaded before import = 0
Start importing Assets/Avatar/StatueAvatar.asset using Guid(c528ad1a6630a6646be95fddc3557a36) Importer(815301076,1909f56bfc062723c751e8b465ee728b)  -> (artifact id: '6269ce8c2cb3663606d1c8421f0d2f13') in 0.007245 seconds 
Number of asset objects unloaded after import = 1
========================================================================
Received Import Request.
  Time since last request: 0.000012 seconds.
  path: Assets/Avatar/Heavy_Revolver_AnimatedAvatar.asset
  artifactKey: Guid(6c3aae2bc5aeb03458e9b066c04f45cf) Importer(815301076,1909f56bfc062723c751e8b465ee728b)
Number of updated assets reloaded before import = 0
Start importing Assets/Avatar/Heavy_Revolver_AnimatedAvatar.asset using Guid(6c3aae2bc5aeb03458e9b066c04f45cf) Importer(815301076,1909f56bfc062723c751e8b465ee728b)  -> (artifact id: '2911f898cbc390039c5e9a2940129df4') in 0.006878 seconds 
Number of asset objects unloaded after import = 1
========================================================================
Received Import Request.
  Time since last request: 0.000013 seconds.
  path: Assets/Avatar/RevolverAvatar.asset
  artifactKey: Guid(cf3fc5afd56965541afc29d52d018a32) Importer(815301076,1909f56bfc062723c751e8b465ee728b)
Number of updated assets reloaded before import = 0
Start importing Assets/Avatar/RevolverAvatar.asset using Guid(cf3fc5afd56965541afc29d52d018a32) Importer(815301076,1909f56bfc062723c751e8b465ee728b)  -> (artifact id: '90bcfe2687b51e94844f59912eea33c1') in 0.006905 seconds 
Number of asset objects unloaded after import = 1
========================================================================
Received Import Request.
  Time since last request: 0.000015 seconds.
  path: Assets/Avatar/Sphere_12Avatar.asset
  artifactKey: Guid(32876b35e35f2714d920f40abdab7a68) Importer(815301076,1909f56bfc062723c751e8b465ee728b)
Number of updated assets reloaded before import = 0
Start importing Assets/Avatar/Sphere_12Avatar.asset using Guid(32876b35e35f2714d920f40abdab7a68) Importer(815301076,1909f56bfc062723c751e8b465ee728b)  -> (artifact id: '652f8d8fd57b992e80a9b046a932853a') in 0.006432 seconds 
Number of asset objects unloaded after import = 1
========================================================================
Received Import Request.
  Time since last request: 0.000012 seconds.
  path: Assets/Avatar/Gib_SpineAvatar.asset
  artifactKey: Guid(62dbe653b3b38da4cada5fb9f688828b) Importer(815301076,1909f56bfc062723c751e8b465ee728b)
Number of updated assets reloaded before import = 0
Start importing Assets/Avatar/Gib_SpineAvatar.asset using Guid(62dbe653b3b38da4cada5fb9f688828b) Importer(815301076,1909f56bfc062723c751e8b465ee728b)  -> (artifact id: 'e80cbf9040c4c5a7f91211cc2f6198d9') in 0.007136 seconds 
Number of asset objects unloaded after import = 1
========================================================================
Received Import Request.
  Time since last request: 0.000015 seconds.
  path: Assets/Avatar/woodshrapnel3Avatar.asset
  artifactKey: Guid(98a0f3849b9f4814795f7f5e30abf573) Importer(815301076,1909f56bfc062723c751e8b465ee728b)
Number of updated assets reloaded before import = 0
Start importing Assets/Avatar/woodshrapnel3Avatar.asset using Guid(98a0f3849b9f4814795f7f5e30abf573) Importer(815301076,1909f56bfc062723c751e8b465ee728b)  -> (artifact id: 'b04049c6cbcdeea2f12a204040366dd8') in 0.005492 seconds 
Number of asset objects unloaded after import = 1
========================================================================
Received Import Request.
  Time since last request: 0.000009 seconds.
  path: Assets/Avatar/NailAvatar.asset
  artifactKey: Guid(ad70275c71e81044293b232c3daa083f) Importer(815301076,1909f56bfc062723c751e8b465ee728b)
Number of updated assets reloaded before import = 0
Start importing Assets/Avatar/NailAvatar.asset using Guid(ad70275c71e81044293b232c3daa083f) Importer(815301076,1909f56bfc062723c751e8b465ee728b)  -> (artifact id: '53b1a68b85abf3d544caeb960afc0cfd') in 0.006492 seconds 
Number of asset objects unloaded after import = 1
========================================================================
Received Import Request.
  Time since last request: 0.000009 seconds.
  path: Assets/Avatar/Arm_Anim_TestAvatar.asset
  artifactKey: Guid(f8a2f7b05535a2745a84d6128c16864c) Importer(815301076,1909f56bfc062723c751e8b465ee728b)
Number of updated assets reloaded before import = 0
Start importing Assets/Avatar/Arm_Anim_TestAvatar.asset using Guid(f8a2f7b05535a2745a84d6128c16864c) Importer(815301076,1909f56bfc062723c751e8b465ee728b)  -> (artifact id: '18006c58eaa8df157ae5a0a8c793f53f') in 0.005436 seconds 
Number of asset objects unloaded after import = 1
========================================================================
Received Import Request.
  Time since last request: 0.000014 seconds.
  path: Assets/Avatar/Industrial_Fan_2Avatar.asset
  artifactKey: Guid(638fabbcab3fafc45b09fb2b9a0e5c9a) Importer(815301076,1909f56bfc062723c751e8b465ee728b)
Number of updated assets reloaded before import = 0
Start importing Assets/Avatar/Industrial_Fan_2Avatar.asset using Guid(638fabbcab3fafc45b09fb2b9a0e5c9a) Importer(815301076,1909f56bfc062723c751e8b465ee728b)  -> (artifact id: 'f7b57bc6dcd2f068a95e0fe05867ac08') in 0.005560 seconds 
Number of asset objects unloaded after import = 1
========================================================================
Received Import Request.
  Time since last request: 0.000009 seconds.
  path: Assets/Avatar/woodshrapnel4Avatar.asset
  artifactKey: Guid(395b9b23cdf2b104fbbbf78bf963fccb) Importer(815301076,1909f56bfc062723c751e8b465ee728b)
Number of updated assets reloaded before import = 0
Start importing Assets/Avatar/woodshrapnel4Avatar.asset using Guid(395b9b23cdf2b104fbbbf78bf963fccb) Importer(815301076,1909f56bfc062723c751e8b465ee728b)  -> (artifact id: 'e9acaffd59868f4f5aa19174b7de0330') in 0.005834 seconds 
Number of asset objects unloaded after import = 1
========================================================================
Received Import Request.
  Time since last request: 0.000010 seconds.
  path: Assets/Avatar/Cylinder_6Avatar.asset
  artifactKey: Guid(17f1e57973165814cbfc2e281ad43999) Importer(815301076,1909f56bfc062723c751e8b465ee728b)
Number of updated assets reloaded before import = 0
Start importing Assets/Avatar/Cylinder_6Avatar.asset using Guid(17f1e57973165814cbfc2e281ad43999) Importer(815301076,1909f56bfc062723c751e8b465ee728b)  -> (artifact id: 'ef88f9db98038d126ef8690f21cfe3b7') in 0.005372 seconds 
Number of asset objects unloaded after import = 1
========================================================================
Received Import Request.
  Time since last request: 0.000011 seconds.
  path: Assets/Avatar/StatueBossAvatar.asset
  artifactKey: Guid(1abffb84013a21341a3130399c77983a) Importer(815301076,1909f56bfc062723c751e8b465ee728b)
Number of updated assets reloaded before import = 0
Start importing Assets/Avatar/StatueBossAvatar.asset using Guid(1abffb84013a21341a3130399c77983a) Importer(815301076,1909f56bfc062723c751e8b465ee728b)  -> (artifact id: '8adcc33aa12d2438c785feeb9a731798') in 0.005130 seconds 
Number of asset objects unloaded after import = 1
========================================================================
Received Import Request.
  Time since last request: 0.000011 seconds.
  path: Assets/Avatar/Marble_Head_AnimTestAvatar.asset
  artifactKey: Guid(36cef979a12e50546816672a0b424041) Importer(815301076,1909f56bfc062723c751e8b465ee728b)
Number of updated assets reloaded before import = 0
Start importing Assets/Avatar/Marble_Head_AnimTestAvatar.asset using Guid(36cef979a12e50546816672a0b424041) Importer(815301076,1909f56bfc062723c751e8b465ee728b)  -> (artifact id: 'fdf860ae2ae2ee2448295c8a85cbecad') in 0.007405 seconds 
Number of asset objects unloaded after import = 1
========================================================================
Received Import Request.
  Time since last request: 0.000014 seconds.
  path: Assets/Avatar/woodshrapnel2Avatar.asset
  artifactKey: Guid(b60aafb28d8780f40890c124b94104a9) Importer(815301076,1909f56bfc062723c751e8b465ee728b)
Number of updated assets reloaded before import = 0
Start importing Assets/Avatar/woodshrapnel2Avatar.asset using Guid(b60aafb28d8780f40890c124b94104a9) Importer(815301076,1909f56bfc062723c751e8b465ee728b)  -> (artifact id: '2b36e0e14eefe5d97513fb8f24869fa9') in 0.006464 seconds 
Number of asset objects unloaded after import = 1
========================================================================
Received Import Request.
  Time since last request: 0.000017 seconds.
  path: Assets/Avatar/Revolver HeavyAvatar.asset
  artifactKey: Guid(acde8fca2af7b904596ae6042ccd29b6) Importer(815301076,1909f56bfc062723c751e8b465ee728b)
Number of updated assets reloaded before import = 0
Start importing Assets/Avatar/Revolver HeavyAvatar.asset using Guid(acde8fca2af7b904596ae6042ccd29b6) Importer(815301076,1909f56bfc062723c751e8b465ee728b)  -> (artifact id: '4fa00f2e41995e9396a717ad1e3988e3') in 0.007836 seconds 
Number of asset objects unloaded after import = 1
========================================================================
Received Import Request.
  Time since last request: 0.000016 seconds.
  path: Assets/Avatar/Gib_Giblet4Avatar.asset
  artifactKey: Guid(0844cb0b7f668b345a8ade22359b96ae) Importer(815301076,1909f56bfc062723c751e8b465ee728b)
Number of updated assets reloaded before import = 0
Start importing Assets/Avatar/Gib_Giblet4Avatar.asset using Guid(0844cb0b7f668b345a8ade22359b96ae) Importer(815301076,1909f56bfc062723c751e8b465ee728b)  -> (artifact id: '0e75de4d58506709e8d8f3c22ebac292') in 0.008326 seconds 
Number of asset objects unloaded after import = 1
========================================================================
Received Import Request.
  Time since last request: 0.000014 seconds.
  path: Assets/Avatar/NailgunFinal 1Avatar.asset
  artifactKey: Guid(e384e59721cee574ebdf3b1f25f5c72b) Importer(815301076,1909f56bfc062723c751e8b465ee728b)
Number of updated assets reloaded before import = 0
Start importing Assets/Avatar/NailgunFinal 1Avatar.asset using Guid(e384e59721cee574ebdf3b1f25f5c72b) Importer(815301076,1909f56bfc062723c751e8b465ee728b)  -> (artifact id: '167fd113f0e66a98e0004914ff1acd5e') in 0.007193 seconds 
Number of asset objects unloaded after import = 1
Editor requested this worker to shutdown with reason: Scaling down because of idle timeout
AssetImportWorker is now disconnected from the server
Process exiting
Exiting without the bug reporter. Application will terminate with return code 0